5581 WARN  [2019-11-23 14:43:53]  Going to buffer response body of large or unknown size. Using getResponseBodyAsStream instead is recommended.
5582 DEBUG [2019-11-23 14:43:53]  {"error":"User requests out of rate limit!","error_code":10023,"request":"/2/statuses/friends_timeline.json"}

5582 DEBUG [2019-11-23 14:43:53]  Request:
5582 DEBUG [2019-11-23 14:43:53]  GET:https://api.weibo.com/2/statuses/friends_timeline.json
5582 DEBUG [2019-11-23 14:43:53]  Authorization: OAuth2 2.007NF7NG2ao8gC39afd3fb4fNgZwhD
5582 DEBUG [2019-11-23 14:43:53]  API-RemoteIP: 192.168.1.10
5626 DEBUG [2019-11-23 14:43:53]  Response:
5626 DEBUG [2019-11-23 14:43:53]  https StatusCode:403
5626 DEBUG [2019-11-23 14:43:53]  Server:nginx/1.6.1
5628 DEBUG [2019-11-23 14:43:53]  Date:Sat, 23 Nov 2019 06:43:57 GMT
5628 DEBUG [2019-11-23 14:43:53]  Content-Type:application/json;charset=UTF-8
5628 DEBUG [2019-11-23 14:43:53]  Transfer-Encoding:chunked
5628 DEBUG [2019-11-23 14:43:53]  Connection:keep-alive
5628 DEBUG [2019-11-23 14:43:53]  Api-Server-IP:10.22.6.25
5628 DEBUG [2019-11-23 14:43:53]  Vary:Accept-Encoding
5628 WARN  [2019-11-23 14:43:53]  Going to buffer response body of large or unknown size. Using getResponseBodyAsStream instead is recommended.
5628 DEBUG [2019-11-23 14:43:53]  {"error":"User requests out of rate limit!","error_code":10023,"request":"/2/statuses/friends_timeline.json"}

5628 DEBUG [2019-11-23 14:43:53]  Request:
5628 DEBUG [2019-11-23 14:43:53]  GET:https://api.weibo.com/2/statuses/friends_timeline.json
5628 DEBUG [2019-11-23 14:43:53]  Authorization: OAuth2 2.007NF7NG2ao8gC39afd3fb4fNgZwhD
5628 DEBUG [2019-11-23 14:43:53]  API-RemoteIP: 192.168.1.10
5672 DEBUG [2019-11-23 14:43:53]  Response:
5672 DEBUG [2019-11-23 14:43:53]  https StatusCode:403
5672 DEBUG [2019-11-23 14:43:53]  Server:nginx/1.6.1
5672 DEBUG [2019-11-23 14:43:53]  Date:Sat, 23 Nov 2019 06:43:57 GMT
5672 DEBUG [2019-11-23 14:43:53]  Content-Type:application/json;charset=UTF-8
5672 DEBUG [2019-11-23 14:43:53]  Transfer-Encoding:chunked
5672 DEBUG [2019-11-23 14:43:53]  Connection:keep-alive
5672 DEBUG [2019-11-23 14:43:53]  Api-Server-IP:10.22.6.26
5672 DEBUG [2019-11-23 14:43:53]  Vary:Accept-Encoding
5672 WARN  [2019-11-23 14:43:53]  Going to buffer response body of large or unknown size. Using getResponseBodyAsStream instead is recommended.
5673 DEBUG [2019-11-23 14:43:53]  {"error":"User requests out of rate limit!","error_code":10023,"request":"/2/statuses/friends_timeline.json"}

5673 DEBUG [2019-11-23 14:43:53]  Request:
5673 DEBUG [2019-11-23 14:43:53]  GET:https://api.weibo.com/2/statuses/friends_timeline.json
5673 DEBUG [2019-11-23 14:43:53]  Authorization: OAuth2 2.007NF7NG2ao8gC39afd3fb4fNgZwhD
5673 DEBUG [2019-11-23 14:43:53]  API-RemoteIP: 192.168.1.10
5720 DEBUG [2019-11-23 14:43:53]  Response:
5720 DEBUG [2019-11-23 14:43:53]  https StatusCode:403
5720 DEBUG [2019-11-23 14:43:53]  Server:nginx/1.6.1
5720 DEBUG [2019-11-23 14:43:53]  Date:Sat, 23 Nov 2019 06:43:57 GMT
5720 DEBUG [2019-11-23 14:43:53]  Content-Type:application/json;charset=UTF-8
5720 DEBUG [2019-11-23 14:43:53]  Transfer-Encoding:chunked
5720 DEBUG [2019-11-23 14:43:53]  Connection:keep-alive
5720 DEBUG [2019-11-23 14:43:53]  Api-Server-IP:10.22.6.16
5720 DEBUG [2019-11-23 14:43:53]  Vary:Accept-Encoding
5720 WARN  [2019-11-23 14:43:53]  Going to buffer response body of large or unknown size. Using getResponseBodyAsStream instead is recommended.
5720 DEBUG [2019-11-23 14:43:53]  {"error":"User requests out of rate limit!","error_code":10023,"request":"/2/statuses/friends_timeline.json"}

5720 DEBUG [2019-11-23 14:43:53]  Request:
5720 DEBUG [2019-11-23 14:43:53]  GET:https://api.weibo.com/2/statuses/friends_timeline.json
5720 DEBUG [2019-11-23 14:43:53]  Authorization: OAuth2 2.007NF7NG2ao8gC39afd3fb4fNgZwhD
5720 DEBUG [2019-11-23 14:43:53]  API-RemoteIP: 192.168.1.10
5930 DEBUG [2019-11-23 14:43:53]  Response:
5931 DEBUG [2019-11-23 14:43:53]  https StatusCode:403
5931 DEBUG [2019-11-23 14:43:53]  Server:nginx/1.6.1
5931 DEBUG [2019-11-23 14:43:53]  Date:Sat, 23 Nov 2019 06:43:57 GMT
5931 DEBUG [2019-11-23 14:43:53]  Content-Type:application/json;charset=UTF-8
5931 DEBUG [2019-11-23 14:43:53]  Transfer-Encoding:chunked
5931 DEBUG [2019-11-23 14:43:53]  Connection:keep-alive
5931 DEBUG [2019-11-23 14:43:53]  Api-Server-IP:10.39.58.35
5931 DEBUG [2019-11-23 14:43:53]  Vary:Accept-Encoding
5931 WARN  [2019-11-23 14:43:53]  Going to buffer response body of large or unknown size. Using getResponseBodyAsStream instead is recommended.
5931 DEBUG [2019-11-23 14:43:53]  {"error":"User requests out of rate limit!","error_code":10023,"request":"/2/statuses/friends_timeline.json"}

5931 DEBUG [2019-11-23 14:43:53]  Request:
5931 DEBUG [2019-11-23 14:43:53]  GET:https://api.weibo.com/2/statuses/friends_timeline.json
5931 DEBUG [2019-11-23 14:43:53]  Authorization: OAuth2 2.007NF7NG2ao8gC39afd3fb4fNgZwhD
5931 DEBUG [2019-11-23 14:43:53]  API-RemoteIP: 192.168.1.10
5975 DEBUG [2019-11-23 14:43:53]  Response:
5975 DEBUG [2019-11-23 14:43:53]  https StatusCode:403
5975 DEBUG [2019-11-23 14:43:53]  Server:nginx/1.6.1
5975 DEBUG [2019-11-23 14:43:53]  Date:Sat, 23 Nov 2019 06:43:57 GMT
5975 DEBUG [2019-11-23 14:43:53]  Content-Type:application/json;charset=UTF-8
5975 DEBUG [2019-11-23 14:43:53]  Transfer-Encoding:chunked
5975 DEBUG [2019-11-23 14:43:53]  Connection:keep-alive
5976 DEBUG [2019-11-23 14:43:53]  Api-Server-IP:10.39.58.36
5976 DEBUG [2019-11-23 14:43:53]  Vary:Accept-Encoding
5976 WARN  [2019-11-23 14:43:53]  Going to buffer response body of large or unknown size. Using getResponseBodyAsStream instead is recommended.
5976 DEBUG [2019-11-23 14:43:53]  {"error":"User requests out of rate limit!","error_code":10023,"request":"/2/statuses/friends_timeline.json"}

5976 DEBUG [2019-11-23 14:43:53]  Request:
5976 DEBUG [2019-11-23 14:43:53]  GET:https://api.weibo.com/2/statuses/friends_timeline.json
5976 DEBUG [2019-11-23 14:43:53]  Authorization: OAuth2 2.007NF7NG2ao8gC39afd3fb4fNgZwhD
5976 DEBUG [2019-11-23 14:43:53]  API-RemoteIP: 192.168.1.10
6032 DEBUG [2019-11-23 14:43:53]  Response:
6033 DEBUG [2019-11-23 14:43:53]  https StatusCode:403
6033 DEBUG [2019-11-23 14:43:53]  Server:nginx/1.6.1
6033 DEBUG [2019-11-23 14:43:53]  Date:Sat, 23 Nov 2019 06:43:57 GMT
6033 DEBUG [2019-11-23 14:43:53]  Content-Type:application/json;charset=UTF-8
6033 DEBUG [2019-11-23 14:43:53]  Transfer-Encoding:chunked
6033 DEBUG [2019-11-23 14:43:53]  Connection:keep-alive
6033 DEBUG [2019-11-23 14:43:53]  Api-Server-IP:10.22.6.26
6033 DEBUG [2019-11-23 14:43:53]  Vary:Accept-Encoding
6033 WARN  [2019-11-23 14:43:53]  Going to buffer response body of large or unknown size. Using getResponseBodyAsStream instead is recommended.
6033 DEBUG [2019-11-23 14:43:53]  {"error":"User requests out of rate limit!","error_code":10023,"request":"/2/statuses/friends_timeline.json"}

6033 DEBUG [2019-11-23 14:43:53]  Request:
6033 DEBUG [2019-11-23 14:43:53]  GET:https://api.weibo.com/2/statuses/friends_timeline.json
6033 DEBUG [2019-11-23 14:43:53]  Authorization: OAuth2 2.007NF7NG2ao8gC39afd3fb4fNgZwhD
6033 DEBUG [2019-11-23 14:43:53]  API-RemoteIP: 192.168.1.10
6079 DEBUG [2019-11-23 14:43:53]  Response:
6079 DEBUG [2019-11-23 14:43:53]  https StatusCode:403
6079 DEBUG [2019-11-23 14:43:53]  Server:nginx/1.6.1
6079 DEBUG [2019-11-23 14:43:53]  Date:Sat, 23 Nov 2019 06:43:57 GMT
6079 DEBUG [2019-11-23 14:43:53]  Content-Type:application/json;charset=UTF-8
6079 DEBUG [2019-11-23 14:43:53]  Transfer-Encoding:chunked
6079 DEBUG [2019-11-23 14:43:53]  Connection:keep-alive
6079 DEBUG [2019-11-23 14:43:53]  Api-Server-IP:10.22.6.26
6079 DEBUG [2019-11-23 14:43:53]  Vary:Accept-Encoding
6079 WARN  [2019-11-23 14:43:53]  Going to buffer response body of large or unknown size. Using getResponseBodyAsStream instead is recommended.
6079 DEBUG [2019-11-23 14:43:53]  {"error":"User requests out of rate limit!","error_code":10023,"request":"/2/statuses/friends_timeline.json"}

6079 DEBUG [2019-11-23 14:43:53]  Request:
6079 DEBUG [2019-11-23 14:43:53]  GET:https://api.weibo.com/2/statuses/friends_timeline.json
6079 DEBUG [2019-11-23 14:43:53]  Authorization: OAuth2 2.007NF7NG2ao8gC39afd3fb4fNgZwhD
6079 DEBUG [2019-11-23 14:43:53]  API-RemoteIP: 192.168.1.10
6126 DEBUG [2019-11-23 14:43:53]  Response:
6126 DEBUG [2019-11-23 14:43:53]  https StatusCode:403
6126 DEBUG [2019-11-23 14:43:53]  Server:nginx/1.6.1
6126 DEBUG [2019-11-23 14:43:53]  Date:Sat, 23 Nov 2019 06:43:57 GMT
6126 DEBUG [2019-11-23 14:43:53]  Content-Type:application/json;charset=UTF-8
6126 DEBUG [2019-11-23 14:43:53]  Transfer-Encoding:chunked
6126 DEBUG [2019-11-23 14:43:53]  Connection:keep-alive
6126 DEBUG [2019-11-23 14:43:53]  Api-Server-IP:10.39.58.33
6126 DEBUG [2019-11-23 14:43:53]  Vary:Accept-Encoding
6126 WARN  [2019-11-23 14:43:53]  Going to buffer response body of large or unknown size. Using getResponseBodyAsStream instead is recommended.
6126 DEBUG [2019-11-23 14:43:53]  {"error":"User requests out of rate limit!","error_code":10023,"request":"/2/statuses/friends_timeline.json"}

6126 DEBUG [2019-11-23 14:43:53]  Request:
6126 DEBUG [2019-11-23 14:43:53]  GET:https://api.weibo.com/2/statuses/friends_timeline.json
6127 DEBUG [2019-11-23 14:43:53]  Authorization: OAuth2 2.007NF7NG2ao8gC39afd3fb4fNgZwhD
6127 DEBUG [2019-11-23 14:43:53]  API-RemoteIP: 192.168.1.10
6175 DEBUG [2019-11-23 14:43:53]  Response:
6175 DEBUG [2019-11-23 14:43:53]  https StatusCode:403
6175 DEBUG [2019-11-23 14:43:53]  Server:nginx/1.6.1
6175 DEBUG [2019-11-23 14:43:53]  Date:Sat, 23 Nov 2019 06:43:57 GMT
6175 DEBUG [2019-11-23 14:43:53]  Content-Type:application/json;charset=UTF-8
6175 DEBUG [2019-11-23 14:43:53]  Transfer-Encoding:chunked
6175 DEBUG [2019-11-23 14:43:53]  Connection:keep-alive
6175 DEBUG [2019-11-23 14:43:53]  Api-Server-IP:10.77.108.57
6175 DEBUG [2019-11-23 14:43:53]  Vary:Accept-Encoding
6175 WARN  [2019-11-23 14:43:53]  Going to buffer response body of large or unknown size. Using getResponseBodyAsStream instead is recommended.
6175 DEBUG [2019-11-23 14:43:53]  {"error":"User requests out of rate limit!","error_code":10023,"request":"/2/statuses/friends_timeline.json"}

6175 DEBUG [2019-11-23 14:43:53]  Request:
6175 DEBUG [2019-11-23 14:43:53]  GET:https://api.weibo.com/2/statuses/friends_timeline.json
6175 DEBUG [2019-11-23 14:43:53]  Authorization: OAuth2 2.007NF7NG2ao8gC39afd3fb4fNgZwhD
6175 DEBUG [2019-11-23 14:43:53]  API-RemoteIP: 192.168.1.10
6221 DEBUG [2019-11-23 14:43:54]  Response:
6221 DEBUG [2019-11-23 14:43:54]  https StatusCode:403
6221 DEBUG [2019-11-23 14:43:54]  Server:nginx/1.6.1
6221 DEBUG [2019-11-23 14:43:54]  Date:Sat, 23 Nov 2019 06:43:57 GMT
6221 DEBUG [2019-11-23 14:43:54]  Content-Type:application/json;charset=UTF-8
6221 DEBUG [2019-11-23 14:43:54]  Transfer-Encoding:chunked
6221 DEBUG [2019-11-23 14:43:54]  Connection:keep-alive
6221 DEBUG [2019-11-23 14:43:54]  Api-Server-IP:10.39.58.33
6221 DEBUG [2019-11-23 14:43:54]  Vary:Accept-Encoding
6221 WARN  [2019-11-23 14:43:54]  Going to buffer response body of large or unknown size. Using getResponseBodyAsStream instead is recommended.
6221 DEBUG [2019-11-23 14:43:54]  {"error":"User requests out of rate limit!","error_code":10023,"request":"/2/statuses/friends_timeline.json"}

6221 DEBUG [2019-11-23 14:43:54]  Request:
6221 DEBUG [2019-11-23 14:43:54]  GET:https://api.weibo.com/2/statuses/friends_timeline.json
6222 DEBUG [2019-11-23 14:43:54]  Authorization: OAuth2 2.007NF7NG2ao8gC39afd3fb4fNgZwhD
6222 DEBUG [2019-11-23 14:43:54]  API-RemoteIP: 192.168.1.10
6279 DEBUG [2019-11-23 14:43:54]  Response:
6279 DEBUG [2019-11-23 14:43:54]  https StatusCode:403
6279 DEBUG [2019-11-23 14:43:54]  Server:nginx/1.6.1
6279 DEBUG [2019-11-23 14:43:54]  Date:Sat, 23 Nov 2019 06:43:57 GMT
6279 DEBUG [2019-11-23 14:43:54]  Content-Type:application/json;charset=UTF-8
6279 DEBUG [2019-11-23 14:43:54]  Transfer-Encoding:chunked
6279 DEBUG [2019-11-23 14:43:54]  Connection:keep-alive
6279 DEBUG [2019-11-23 14:43:54]  Api-Server-IP:10.39.58.33
6279 DEBUG [2019-11-23 14:43:54]  Vary:Accept-Encoding
6279 WARN  [2019-11-23 14:43:54]  Going to buffer response body of large or unknown size. Using getResponseBodyAsStream instead is recommended.
6279 DEBUG [2019-11-23 14:43:54]  {"error":"User requests out of rate limit!","error_code":10023,"request":"/2/statuses/friends_timeline.json"}

6280 DEBUG [2019-11-23 14:43:54]  Request:
6280 DEBUG [2019-11-23 14:43:54]  GET:https://api.weibo.com/2/statuses/friends_timeline.json
6280 DEBUG [2019-11-23 14:43:54]  Authorization: OAuth2 2.007NF7NG2ao8gC39afd3fb4fNgZwhD
6280 DEBUG [2019-11-23 14:43:54]  API-RemoteIP: 192.168.1.10
6324 DEBUG [2019-11-23 14:43:54]  Response:
6324 DEBUG [2019-11-23 14:43:54]  https StatusCode:403
6324 DEBUG [2019-11-23 14:43:54]  Server:nginx/1.6.1
6324 DEBUG [2019-11-23 14:43:54]  Date:Sat, 23 Nov 2019 06:43:57 GMT
6324 DEBUG [2019-11-23 14:43:54]  Content-Type:application/json;charset=UTF-8
6324 DEBUG [2019-11-23 14:43:54]  Transfer-Encoding:chunked
6324 DEBUG [2019-11-23 14:43:54]  Connection:keep-alive
6324 DEBUG [2019-11-23 14:43:54]  Api-Server-IP:10.39.58.32
6324 DEBUG [2019-11-23 14:43:54]  Vary:Accept-Encoding
6324 WARN  [2019-11-23 14:43:54]  Going to buffer response body of large or unknown size. Using getResponseBodyAsStream instead is recommended.
6324 DEBUG [2019-11-23 14:43:54]  {"error":"User requests out of rate limit!","error_code":10023,"request":"/2/statuses/friends_timeline.json"}

6324 DEBUG [2019-11-23 14:43:54]  Request:
6324 DEBUG [2019-11-23 14:43:54]  GET:https://api.weibo.com/2/statuses/friends_timeline.json
6324 DEBUG [2019-11-23 14:43:54]  Authorization: OAuth2 2.007NF7NG2ao8gC39afd3fb4fNgZwhD
6324 DEBUG [2019-11-23 14:43:54]  API-RemoteIP: 192.168.1.10
6377 DEBUG [2019-11-23 14:43:54]  Response:
6377 DEBUG [2019-11-23 14:43:54]  https StatusCode:403
6377 DEBUG [2019-11-23 14:43:54]  Server:nginx/1.6.1
6377 DEBUG [2019-11-23 14:43:54]  Date:Sat, 23 Nov 2019 06:43:58 GMT
6377 DEBUG [2019-11-23 14:43:54]  Content-Type:application/json;charset=UTF-8
6377 DEBUG [2019-11-23 14:43:54]  Transfer-Encoding:chunked
6377 DEBUG [2019-11-23 14:43:54]  Connection:keep-alive
6377 DEBUG [2019-11-23 14:43:54]  Api-Server-IP:10.39.58.35
6377 DEBUG [2019-11-23 14:43:54]  Vary:Accept-Encoding
6377 WARN  [2019-11-23 14:43:54]  Going to buffer response body of large or unknown size. Using getResponseBodyAsStream instead is recommended.
6377 DEBUG [2019-11-23 14:43:54]  {"error":"User requests out of rate limit!","error_code":10023,"request":"/2/statuses/friends_timeline.json"}

6377 DEBUG [2019-11-23 14:43:54]  Request:
6377 DEBUG [2019-11-23 14:43:54]  GET:https://api.weibo.com/2/statuses/friends_timeline.json
6378 DEBUG [2019-11-23 14:43:54]  Authorization: OAuth2 2.007NF7NG2ao8gC39afd3fb4fNgZwhD
6378 DEBUG [2019-11-23 14:43:54]  API-RemoteIP: 192.168.1.10
6423 DEBUG [2019-11-23 14:43:54]  Response:
6423 DEBUG [2019-11-23 14:43:54]  https StatusCode:403
6423 DEBUG [2019-11-23 14:43:54]  Server:nginx/1.6.1
6423 DEBUG [2019-11-23 14:43:54]  Date:Sat, 23 Nov 2019 06:43:58 GMT
6423 DEBUG [2019-11-23 14:43:54]  Content-Type:application/json;charset=UTF-8
6423 DEBUG [2019-11-23 14:43:54]  Transfer-Encoding:chunked
6423 DEBUG [2019-11-23 14:43:54]  Connection:keep-alive
6423 DEBUG [2019-11-23 14:43:54]  Api-Server-IP:10.39.58.246
6423 DEBUG [2019-11-23 14:43:54]  Vary:Accept-Encoding
6423 WARN  [2019-11-23 14:43:54]  Going to buffer response body of large or unknown size. Using getResponseBodyAsStream instead is recommended.
6423 DEBUG [2019-11-23 14:43:54]  {"error":"User requests out of rate limit!","error_code":10023,"request":"/2/statuses/friends_timeline.json"}

6423 DEBUG [2019-11-23 14:43:54]  Request:
6424 DEBUG [2019-11-23 14:43:54]  GET:https://api.weibo.com/2/statuses/friends_timeline.json
6424 DEBUG [2019-11-23 14:43:54]  Authorization: OAuth2 2.007NF7NG2ao8gC39afd3fb4fNgZwhD
6424 DEBUG [2019-11-23 14:43:54]  API-RemoteIP: 192.168.1.10
6470 DEBUG [2019-11-23 14:43:54]  Response:
6470 DEBUG [2019-11-23 14:43:54]  https StatusCode:403
6470 DEBUG [2019-11-23 14:43:54]  Server:nginx/1.6.1
6470 DEBUG [2019-11-23 14:43:54]  Date:Sat, 23 Nov 2019 06:43:58 GMT
6470 DEBUG [2019-11-23 14:43:54]  Content-Type:application/json;charset=UTF-8
6470 DEBUG [2019-11-23 14:43:54]  Transfer-Encoding:chunked
6470 DEBUG [2019-11-23 14:43:54]  Connection:keep-alive
6470 DEBUG [2019-11-23 14:43:54]  Api-Server-IP:10.39.58.37
6470 DEBUG [2019-11-23 14:43:54]  Vary:Accept-Encoding
6470 WARN  [2019-11-23 14:43:54]  Going to buffer response body of large or unknown size. Using getResponseBodyAsStream instead is recommended.
6470 DEBUG [2019-11-23 14:43:54]  {"error":"User requests out of rate limit!","error_code":10023,"request":"/2/statuses/friends_timeline.json"}

6471 DEBUG [2019-11-23 14:43:54]  Request:
6471 DEBUG [2019-11-23 14:43:54]  GET:https://api.weibo.com/2/statuses/friends_timeline.json
6471 DEBUG [2019-11-23 14:43:54]  Authorization: OAuth2 2.007NF7NG2ao8gC39afd3fb4fNgZwhD
6471 DEBUG [2019-11-23 14:43:54]  API-RemoteIP: 192.168.1.10
6514 DEBUG [2019-11-23 14:43:54]  Response:
6514 DEBUG [2019-11-23 14:43:54]  https StatusCode:403
6514 DEBUG [2019-11-23 14:43:54]  Server:nginx/1.6.1
6514 DEBUG [2019-11-23 14:43:54]  Date:Sat, 23 Nov 2019 06:43:58 GMT
6514 DEBUG [2019-11-23 14:43:54]  Content-Type:application/json;charset=UTF-8
6514 DEBUG [2019-11-23 14:43:54]  Transfer-Encoding:chunked
6514 DEBUG [2019-11-23 14:43:54]  Connection:keep-alive
6514 DEBUG [2019-11-23 14:43:54]  Api-Server-IP:10.39.58.37
6514 DEBUG [2019-11-23 14:43:54]  Vary:Accept-Encoding
6514 WARN  [2019-11-23 14:43:54]  Going to buffer response body of large or unknown size. Using getResponseBodyAsStream instead is recommended.
6514 DEBUG [2019-11-23 14:43:54]  {"error":"User requests out of rate limit!","error_code":10023,"request":"/2/statuses/friends_timeline.json"}

6514 DEBUG [2019-11-23 14:43:54]  Request:
6514 DEBUG [2019-11-23 14:43:54]  GET:https://api.weibo.com/2/statuses/friends_timeline.json
6514 DEBUG [2019-11-23 14:43:54]  Authorization: OAuth2 2.007NF7NG2ao8gC39afd3fb4fNgZwhD
6515 DEBUG [2019-11-23 14:43:54]  API-RemoteIP: 192.168.1.10
6583 DEBUG [2019-11-23 14:43:54]  Response:
6583 DEBUG [2019-11-23 14:43:54]  https StatusCode:403
6583 DEBUG [2019-11-23 14:43:54]  Server:nginx/1.6.1
6583 DEBUG [2019-11-23 14:43:54]  Date:Sat, 23 Nov 2019 06:43:58 GMT
6583 DEBUG [2019-11-23 14:43:54]  Content-Type:application/json;charset=UTF-8
6583 DEBUG [2019-11-23 14:43:54]  Transfer-Encoding:chunked
6583 DEBUG [2019-11-23 14:43:54]  Connection:keep-alive
6583 DEBUG [2019-11-23 14:43:54]  Api-Server-IP:10.39.58.37
6583 DEBUG [2019-11-23 14:43:54]  Vary:Accept-Encoding
6583 WARN  [2019-11-23 14:43:54]  Going to buffer response body of large or unknown size. Using getResponseBodyAsStream instead is recommended.
6583 DEBUG [2019-11-23 14:43:54]  {"error":"User requests out of rate limit!","error_code":10023,"request":"/2/statuses/friends_timeline.json"}

6583 DEBUG [2019-11-23 14:43:54]  Request:
6583 DEBUG [2019-11-23 14:43:54]  GET:https://api.weibo.com/2/statuses/friends_timeline.json
6584 DEBUG [2019-11-23 14:43:54]  Authorization: OAuth2 2.007NF7NG2ao8gC39afd3fb4fNgZwhD
6584 DEBUG [2019-11-23 14:43:54]  API-RemoteIP: 192.168.1.10
6631 DEBUG [2019-11-23 14:43:54]  Response:
6631 DEBUG [2019-11-23 14:43:54]  https StatusCode:403
6631 DEBUG [2019-11-23 14:43:54]  Server:nginx/1.6.1
6631 DEBUG [2019-11-23 14:43:54]  Date:Sat, 23 Nov 2019 06:43:58 GMT
6631 DEBUG [2019-11-23 14:43:54]  Content-Type:application/json;charset=UTF-8
6631 DEBUG [2019-11-23 14:43:54]  Transfer-Encoding:chunked
6631 DEBUG [2019-11-23 14:43:54]  Connection:keep-alive
6631 DEBUG [2019-11-23 14:43:54]  Api-Server-IP:10.39.58.36
6631 DEBUG [2019-11-23 14:43:54]  Vary:Accept-Encoding
6631 WARN  [2019-11-23 14:43:54]  Going to buffer response body of large or unknown size. Using getResponseBodyAsStream instead is recommended.
6631 DEBUG [2019-11-23 14:43:54]  {"error":"User requests out of rate limit!","error_code":10023,"request":"/2/statuses/friends_timeline.json"}

6631 DEBUG [2019-11-23 14:43:54]  Request:
6631 DEBUG [2019-11-23 14:43:54]  GET:https://api.weibo.com/2/statuses/friends_timeline.json
6632 DEBUG [2019-11-23 14:43:54]  Authorization: OAuth2 2.007NF7NG2ao8gC39afd3fb4fNgZwhD
6632 DEBUG [2019-11-23 14:43:54]  API-RemoteIP: 192.168.1.10
6679 DEBUG [2019-11-23 14:43:54]  Response:
6679 DEBUG [2019-11-23 14:43:54]  https StatusCode:403
6679 DEBUG [2019-11-23 14:43:54]  Server:nginx/1.6.1
6679 DEBUG [2019-11-23 14:43:54]  Date:Sat, 23 Nov 2019 06:43:58 GMT
6679 DEBUG [2019-11-23 14:43:54]  Content-Type:application/json;charset=UTF-8
6679 DEBUG [2019-11-23 14:43:54]  Transfer-Encoding:chunked
6679 DEBUG [2019-11-23 14:43:54]  Connection:keep-alive
6679 DEBUG [2019-11-23 14:43:54]  Api-Server-IP:10.39.58.32
6679 DEBUG [2019-11-23 14:43:54]  Vary:Accept-Encoding
6679 WARN  [2019-11-23 14:43:54]  Going to buffer response body of large or unknown size. Using getResponseBodyAsStream instead is recommended.
6679 DEBUG [2019-11-23 14:43:54]  {"error":"User requests out of rate limit!","error_code":10023,"request":"/2/statuses/friends_timeline.json"}

6680 DEBUG [2019-11-23 14:43:54]  Request:
6680 DEBUG [2019-11-23 14:43:54]  GET:https://api.weibo.com/2/statuses/friends_timeline.json
6680 DEBUG [2019-11-23 14:43:54]  Authorization: OAuth2 2.007NF7NG2ao8gC39afd3fb4fNgZwhD
6680 DEBUG [2019-11-23 14:43:54]  API-RemoteIP: 192.168.1.10
6723 DEBUG [2019-11-23 14:43:54]  Response:
6723 DEBUG [2019-11-23 14:43:54]  https StatusCode:403
6723 DEBUG [2019-11-23 14:43:54]  Server:nginx/1.6.1
6723 DEBUG [2019-11-23 14:43:54]  Date:Sat, 23 Nov 2019 06:43:58 GMT
6723 DEBUG [2019-11-23 14:43:54]  Content-Type:application/json;charset=UTF-8
6723 DEBUG [2019-11-23 14:43:54]  Transfer-Encoding:chunked
6723 DEBUG [2019-11-23 14:43:54]  Connection:keep-alive
6723 DEBUG [2019-11-23 14:43:54]  Api-Server-IP:10.22.6.16
6723 DEBUG [2019-11-23 14:43:54]  Vary:Accept-Encoding
6723 WARN  [2019-11-23 14:43:54]  Going to buffer response body of large or unknown size. Using getResponseBodyAsStream instead is recommended.
6723 DEBUG [2019-11-23 14:43:54]  {"error":"User requests out of rate limit!","error_code":10023,"request":"/2/statuses/friends_timeline.json"}

6723 DEBUG [2019-11-23 14:43:54]  Request:
6723 DEBUG [2019-11-23 14:43:54]  GET:https://api.weibo.com/2/statuses/friends_timeline.json
6723 DEBUG [2019-11-23 14:43:54]  Authorization: OAuth2 2.007NF7NG2ao8gC39afd3fb4fNgZwhD
6723 DEBUG [2019-11-23 14:43:54]  API-RemoteIP: 192.168.1.10
6767 DEBUG [2019-11-23 14:43:54]  Response:
6767 DEBUG [2019-11-23 14:43:54]  https StatusCode:403
6767 DEBUG [2019-11-23 14:43:54]  Server:nginx/1.6.1
6767 DEBUG [2019-11-23 14:43:54]  Date:Sat, 23 Nov 2019 06:43:58 GMT
6767 DEBUG [2019-11-23 14:43:54]  Content-Type:application/json;charset=UTF-8
6767 DEBUG [2019-11-23 14:43:54]  Transfer-Encoding:chunked
6767 DEBUG [2019-11-23 14:43:54]  Connection:keep-alive
6767 DEBUG [2019-11-23 14:43:54]  Api-Server-IP:10.22.6.22
6767 DEBUG [2019-11-23 14:43:54]  Vary:Accept-Encoding
6767 WARN  [2019-11-23 14:43:54]  Going to buffer response body of large or unknown size. Using getResponseBodyAsStream instead is recommended.
6767 DEBUG [2019-11-23 14:43:54]  {"error":"User requests out of rate limit!","error_code":10023,"request":"/2/statuses/friends_timeline.json"}

6767 DEBUG [2019-11-23 14:43:54]  Request:
6767 DEBUG [2019-11-23 14:43:54]  GET:https://api.weibo.com/2/statuses/friends_timeline.json
6768 DEBUG [2019-11-23 14:43:54]  Authorization: OAuth2 2.007NF7NG2ao8gC39afd3fb4fNgZwhD
6768 DEBUG [2019-11-23 14:43:54]  API-RemoteIP: 192.168.1.10
6825 DEBUG [2019-11-23 14:43:54]  Response:
6825 DEBUG [2019-11-23 14:43:54]  https StatusCode:403
6825 DEBUG [2019-11-23 14:43:54]  Server:nginx/1.6.1
6825 DEBUG [2019-11-23 14:43:54]  Date:Sat, 23 Nov 2019 06:43:58 GMT
6825 DEBUG [2019-11-23 14:43:54]  Content-Type:application/json;charset=UTF-8
6825 DEBUG [2019-11-23 14:43:54]  Transfer-Encoding:chunked
6825 DEBUG [2019-11-23 14:43:54]  Connection:keep-alive
6825 DEBUG [2019-11-23 14:43:54]  Api-Server-IP:10.39.58.36
6825 DEBUG [2019-11-23 14:43:54]  Vary:Accept-Encoding
6825 WARN  [2019-11-23 14:43:54]  Going to buffer response body of large or unknown size. Using getResponseBodyAsStream instead is recommended.
6825 DEBUG [2019-11-23 14:43:54]  {"error":"User requests out of rate limit!","error_code":10023,"request":"/2/statuses/friends_timeline.json"}

6826 DEBUG [2019-11-23 14:43:54]  Request:
6826 DEBUG [2019-11-23 14:43:54]  GET:https://api.weibo.com/2/statuses/friends_timeline.json
6826 DEBUG [2019-11-23 14:43:54]  Authorization: OAuth2 2.007NF7NG2ao8gC39afd3fb4fNgZwhD
6826 DEBUG [2019-11-23 14:43:54]  API-RemoteIP: 192.168.1.10
6869 DEBUG [2019-11-23 14:43:54]  Response:
6869 DEBUG [2019-11-23 14:43:54]  https StatusCode:403
6869 DEBUG [2019-11-23 14:43:54]  Server:nginx/1.6.1
6869 DEBUG [2019-11-23 14:43:54]  Date:Sat, 23 Nov 2019 06:43:58 GMT
6870 DEBUG [2019-11-23 14:43:54]  Content-Type:application/json;charset=UTF-8
6870 DEBUG [2019-11-23 14:43:54]  Transfer-Encoding:chunked
6870 DEBUG [2019-11-23 14:43:54]  Connection:keep-alive
6870 DEBUG [2019-11-23 14:43:54]  Api-Server-IP:10.39.58.32
6870 DEBUG [2019-11-23 14:43:54]  Vary:Accept-Encoding
6870 WARN  [2019-11-23 14:43:54]  Going to buffer response body of large or unknown size. Using getResponseBodyAsStream instead is recommended.
6870 DEBUG [2019-11-23 14:43:54]  {"error":"User requests out of rate limit!","error_code":10023,"request":"/2/statuses/friends_timeline.json"}

6870 DEBUG [2019-11-23 14:43:54]  Request:
6870 DEBUG [2019-11-23 14:43:54]  GET:https://api.weibo.com/2/statuses/friends_timeline.json
6870 DEBUG [2019-11-23 14:43:54]  Authorization: OAuth2 2.007NF7NG2ao8gC39afd3fb4fNgZwhD
6870 DEBUG [2019-11-23 14:43:54]  API-RemoteIP: 192.168.1.10
6915 DEBUG [2019-11-23 14:43:54]  Response:
6915 DEBUG [2019-11-23 14:43:54]  https StatusCode:403
6915 DEBUG [2019-11-23 14:43:54]  Server:nginx/1.6.1
6915 DEBUG [2019-11-23 14:43:54]  Date:Sat, 23 Nov 2019 06:43:58 GMT
6915 DEBUG [2019-11-23 14:43:54]  Content-Type:application/json;charset=UTF-8
6915 DEBUG [2019-11-23 14:43:54]  Transfer-Encoding:chunked
6915 DEBUG [2019-11-23 14:43:54]  Connection:keep-alive
6915 DEBUG [2019-11-23 14:43:54]  Api-Server-IP:10.39.58.34
6915 DEBUG [2019-11-23 14:43:54]  Vary:Accept-Encoding
6915 WARN  [2019-11-23 14:43:54]  Going to buffer response body of large or unknown size. Using getResponseBodyAsStream instead is recommended.
6916 DEBUG [2019-11-23 14:43:54]  {"error":"User requests out of rate limit!","error_code":10023,"request":"/2/statuses/friends_timeline.json"}

6916 DEBUG [2019-11-23 14:43:54]  Request:
6916 DEBUG [2019-11-23 14:43:54]  GET:https://api.weibo.com/2/statuses/friends_timeline.json
6916 DEBUG [2019-11-23 14:43:54]  Authorization: OAuth2 2.007NF7NG2ao8gC39afd3fb4fNgZwhD
6916 DEBUG [2019-11-23 14:43:54]  API-RemoteIP: 192.168.1.10
6955 DEBUG [2019-11-23 14:43:54]  Response:
6955 DEBUG [2019-11-23 14:43:54]  https StatusCode:403
6955 DEBUG [2019-11-23 14:43:54]  Server:nginx/1.6.1
6955 DEBUG [2019-11-23 14:43:54]  Date:Sat, 23 Nov 2019 06:43:58 GMT
6955 DEBUG [2019-11-23 14:43:54]  Content-Type:application/json;charset=UTF-8
6955 DEBUG [2019-11-23 14:43:54]  Transfer-Encoding:chunked
6955 DEBUG [2019-11-23 14:43:54]  Connection:keep-alive
6955 DEBUG [2019-11-23 14:43:54]  Api-Server-IP:10.22.6.22
6955 DEBUG [2019-11-23 14:43:54]  Vary:Accept-Encoding
6955 WARN  [2019-11-23 14:43:54]  Going to buffer response body of large or unknown size. Using getResponseBodyAsStream instead is recommended.
6955 DEBUG [2019-11-23 14:43:54]  {"error":"User requests out of rate limit!","error_code":10023,"request":"/2/statuses/friends_timeline.json"}

6956 DEBUG [2019-11-23 14:43:54]  Request:
6956 DEBUG [2019-11-23 14:43:54]  GET:https://api.weibo.com/2/statuses/friends_timeline.json
6956 DEBUG [2019-11-23 14:43:54]  Authorization: OAuth2 2.007NF7NG2ao8gC39afd3fb4fNgZwhD
6956 DEBUG [2019-11-23 14:43:54]  API-RemoteIP: 192.168.1.10
6998 DEBUG [2019-11-23 14:43:54]  Response:
6998 DEBUG [2019-11-23 14:43:54]  https StatusCode:403
6998 DEBUG [2019-11-23 14:43:54]  Server:nginx/1.6.1
6998 DEBUG [2019-11-23 14:43:54]  Date:Sat, 23 Nov 2019 06:43:58 GMT
6998 DEBUG [2019-11-23 14:43:54]  Content-Type:application/json;charset=UTF-8
6998 DEBUG [2019-11-23 14:43:54]  Transfer-Encoding:chunked
6998 DEBUG [2019-11-23 14:43:54]  Connection:keep-alive
6998 DEBUG [2019-11-23 14:43:54]  Api-Server-IP:10.39.56.136
6998 DEBUG [2019-11-23 14:43:54]  Vary:Accept-Encoding
6998 WARN  [2019-11-23 14:43:54]  Going to buffer response body of large or unknown size. Using getResponseBodyAsStream instead is recommended.
6998 DEBUG [2019-11-23 14:43:54]  {"error":"User requests out of rate limit!","error_code":10023,"request":"/2/statuses/friends_timeline.json"}

6998 DEBUG [2019-11-23 14:43:54]  Request:
6998 DEBUG [2019-11-23 14:43:54]  GET:https://api.weibo.com/2/statuses/friends_timeline.json
6998 DEBUG [2019-11-23 14:43:54]  Authorization: OAuth2 2.007NF7NG2ao8gC39afd3fb4fNgZwhD
6998 DEBUG [2019-11-23 14:43:54]  API-RemoteIP: 192.168.1.10
7038 DEBUG [2019-11-23 14:43:54]  Response:
7038 DEBUG [2019-11-23 14:43:54]  https StatusCode:403
7038 DEBUG [2019-11-23 14:43:54]  Server:nginx/1.6.1
7038 DEBUG [2019-11-23 14:43:54]  Date:Sat, 23 Nov 2019 06:43:58 GMT
7038 DEBUG [2019-11-23 14:43:54]  Content-Type:application/json;charset=UTF-8
7038 DEBUG [2019-11-23 14:43:54]  Transfer-Encoding:chunked
7038 DEBUG [2019-11-23 14:43:54]  Connection:keep-alive
7038 DEBUG [2019-11-23 14:43:54]  Api-Server-IP:10.39.58.37
7038 DEBUG [2019-11-23 14:43:54]  Vary:Accept-Encoding
7038 WARN  [2019-11-23 14:43:54]  Going to buffer response body of large or unknown size. Using getResponseBodyAsStream instead is recommended.
7038 DEBUG [2019-11-23 14:43:54]  {"error":"User requests out of rate limit!","error_code":10023,"request":"/2/statuses/friends_timeline.json"}

7039 DEBUG [2019-11-23 14:43:54]  Request:
7039 DEBUG [2019-11-23 14:43:54]  GET:https://api.weibo.com/2/statuses/friends_timeline.json
7039 DEBUG [2019-11-23 14:43:54]  Authorization: OAuth2 2.007NF7NG2ao8gC39afd3fb4fNgZwhD
7039 DEBUG [2019-11-23 14:43:54]  API-RemoteIP: 192.168.1.10
7079 DEBUG [2019-11-23 14:43:54]  Response:
7079 DEBUG [2019-11-23 14:43:54]  https StatusCode:403
7079 DEBUG [2019-11-23 14:43:54]  Server:nginx/1.6.1
7079 DEBUG [2019-11-23 14:43:54]  Date:Sat, 23 Nov 2019 06:43:58 GMT
7079 DEBUG [2019-11-23 14:43:54]  Content-Type:application/json;charset=UTF-8
7079 DEBUG [2019-11-23 14:43:54]  Transfer-Encoding:chunked
7079 DEBUG [2019-11-23 14:43:54]  Connection:keep-alive
7079 DEBUG [2019-11-23 14:43:54]  Api-Server-IP:10.77.108.57
7079 DEBUG [2019-11-23 14:43:54]  Vary:Accept-Encoding
7079 WARN  [2019-11-23 14:43:54]  Going to buffer response body of large or unknown size. Using getResponseBodyAsStream instead is recommended.
7080 DEBUG [2019-11-23 14:43:54]  {"error":"User requests out of rate limit!","error_code":10023,"request":"/2/statuses/friends_timeline.json"}

7080 DEBUG [2019-11-23 14:43:54]  Request:
7080 DEBUG [2019-11-23 14:43:54]  GET:https://api.weibo.com/2/statuses/friends_timeline.json
7080 DEBUG [2019-11-23 14:43:54]  Authorization: OAuth2 2.007NF7NG2ao8gC39afd3fb4fNgZwhD
7080 DEBUG [2019-11-23 14:43:54]  API-RemoteIP: 192.168.1.10
7122 DEBUG [2019-11-23 14:43:54]  Response:
7122 DEBUG [2019-11-23 14:43:54]  https StatusCode:403
7122 DEBUG [2019-11-23 14:43:54]  Server:nginx/1.6.1
7122 DEBUG [2019-11-23 14:43:54]  Date:Sat, 23 Nov 2019 06:43:58 GMT
7122 DEBUG [2019-11-23 14:43:54]  Content-Type:application/json;charset=UTF-8
7122 DEBUG [2019-11-23 14:43:54]  Transfer-Encoding:chunked
7122 DEBUG [2019-11-23 14:43:54]  Connection:keep-alive
7122 DEBUG [2019-11-23 14:43:54]  Api-Server-IP:10.39.58.36
7122 DEBUG [2019-11-23 14:43:54]  Vary:Accept-Encoding
7122 WARN  [2019-11-23 14:43:54]  Going to buffer response body of large or unknown size. Using getResponseBodyAsStream instead is recommended.
7123 DEBUG [2019-11-23 14:43:54]  {"error":"User requests out of rate limit!","error_code":10023,"request":"/2/statuses/friends_timeline.json"}

7123 DEBUG [2019-11-23 14:43:54]  Request:
7123 DEBUG [2019-11-23 14:43:54]  GET:https://api.weibo.com/2/statuses/friends_timeline.json
7123 DEBUG [2019-11-23 14:43:54]  Authorization: OAuth2 2.007NF7NG2ao8gC39afd3fb4fNgZwhD
7123 DEBUG [2019-11-23 14:43:54]  API-RemoteIP: 192.168.1.10
7163 DEBUG [2019-11-23 14:43:54]  Response:
7163 DEBUG [2019-11-23 14:43:54]  https StatusCode:403
7163 DEBUG [2019-11-23 14:43:54]  Server:nginx/1.6.1
7163 DEBUG [2019-11-23 14:43:54]  Date:Sat, 23 Nov 2019 06:43:58 GMT
7163 DEBUG [2019-11-23 14:43:54]  Content-Type:application/json;charset=UTF-8
7163 DEBUG [2019-11-23 14:43:54]  Transfer-Encoding:chunked
7163 DEBUG [2019-11-23 14:43:54]  Connection:keep-alive
7163 DEBUG [2019-11-23 14:43:54]  Api-Server-IP:10.39.58.33
7163 DEBUG [2019-11-23 14:43:54]  Vary:Accept-Encoding
7163 WARN  [2019-11-23 14:43:54]  Going to buffer response body of large or unknown size. Using getResponseBodyAsStream instead is recommended.
7163 DEBUG [2019-11-23 14:43:54]  {"error":"User requests out of rate limit!","error_code":10023,"request":"/2/statuses/friends_timeline.json"}

7163 DEBUG [2019-11-23 14:43:54]  Request:
7163 DEBUG [2019-11-23 14:43:54]  GET:https://api.weibo.com/2/statuses/friends_timeline.json
7163 DEBUG [2019-11-23 14:43:54]  Authorization: OAuth2 2.007NF7NG2ao8gC39afd3fb4fNgZwhD
7163 DEBUG [2019-11-23 14:43:54]  API-RemoteIP: 192.168.1.10
7204 DEBUG [2019-11-23 14:43:54]  Response:
7204 DEBUG [2019-11-23 14:43:54]  https StatusCode:403
7204 DEBUG [2019-11-23 14:43:54]  Server:nginx/1.6.1
7204 DEBUG [2019-11-23 14:43:54]  Date:Sat, 23 Nov 2019 06:43:58 GMT
7204 DEBUG [2019-11-23 14:43:54]  Content-Type:application/json;charset=UTF-8
7204 DEBUG [2019-11-23 14:43:54]  Transfer-Encoding:chunked
7204 DEBUG [2019-11-23 14:43:54]  Connection:keep-alive
7204 DEBUG [2019-11-23 14:43:54]  Api-Server-IP:10.39.56.136
7204 DEBUG [2019-11-23 14:43:54]  Vary:Accept-Encoding
7204 WARN  [2019-11-23 14:43:54]  Going to buffer response body of large or unknown size. Using getResponseBodyAsStream instead is recommended.
7204 DEBUG [2019-11-23 14:43:54]  {"error":"User requests out of rate limit!","error_code":10023,"request":"/2/statuses/friends_timeline.json"}

7204 DEBUG [2019-11-23 14:43:54]  Request:
7204 DEBUG [2019-11-23 14:43:54]  GET:https://api.weibo.com/2/statuses/friends_timeline.json
7204 DEBUG [2019-11-23 14:43:54]  Authorization: OAuth2 2.007NF7NG2ao8gC39afd3fb4fNgZwhD
7204 DEBUG [2019-11-23 14:43:54]  API-RemoteIP: 192.168.1.10
7252 DEBUG [2019-11-23 14:43:55]  Response:
7252 DEBUG [2019-11-23 14:43:55]  https StatusCode:403
7252 DEBUG [2019-11-23 14:43:55]  Server:nginx/1.6.1
7252 DEBUG [2019-11-23 14:43:55]  Date:Sat, 23 Nov 2019 06:43:58 GMT
7252 DEBUG [2019-11-23 14:43:55]  Content-Type:application/json;charset=UTF-8
7252 DEBUG [2019-11-23 14:43:55]  Transfer-Encoding:chunked
7252 DEBUG [2019-11-23 14:43:55]  Connection:keep-alive
7252 DEBUG [2019-11-23 14:43:55]  Api-Server-IP:10.39.58.32
7252 DEBUG [2019-11-23 14:43:55]  Vary:Accept-Encoding
7252 WARN  [2019-11-23 14:43:55]  Going to buffer response body of large or unknown size. Using getResponseBodyAsStream instead is recommended.
7252 DEBUG [2019-11-23 14:43:55]  {"error":"User requests out of rate limit!","error_code":10023,"request":"/2/statuses/friends_timeline.json"}

7253 DEBUG [2019-11-23 14:43:55]  Request:
7253 DEBUG [2019-11-23 14:43:55]  GET:https://api.weibo.com/2/statuses/friends_timeline.json
7253 DEBUG [2019-11-23 14:43:55]  Authorization: OAuth2 2.007NF7NG2ao8gC39afd3fb4fNgZwhD
7253 DEBUG [2019-11-23 14:43:55]  API-RemoteIP: 192.168.1.10
7338 DEBUG [2019-11-23 14:43:55]  Response:
7338 DEBUG [2019-11-23 14:43:55]  https StatusCode:403
7338 DEBUG [2019-11-23 14:43:55]  Server:nginx/1.6.1
7338 DEBUG [2019-11-23 14:43:55]  Date:Sat, 23 Nov 2019 06:43:58 GMT
7338 DEBUG [2019-11-23 14:43:55]  Content-Type:application/json;charset=UTF-8
7338 DEBUG [2019-11-23 14:43:55]  Transfer-Encoding:chunked
7338 DEBUG [2019-11-23 14:43:55]  Connection:keep-alive
7338 DEBUG [2019-11-23 14:43:55]  Api-Server-IP:10.22.6.22
7338 DEBUG [2019-11-23 14:43:55]  Vary:Accept-Encoding
7338 WARN  [2019-11-23 14:43:55]  Going to buffer response body of large or unknown size. Using getResponseBodyAsStream instead is recommended.
7338 DEBUG [2019-11-23 14:43:55]  {"error":"User requests out of rate limit!","error_code":10023,"request":"/2/statuses/friends_timeline.json"}

7339 DEBUG [2019-11-23 14:43:55]  Request:
7339 DEBUG [2019-11-23 14:43:55]  GET:https://api.weibo.com/2/statuses/friends_timeline.json
7339 DEBUG [2019-11-23 14:43:55]  Authorization: OAuth2 2.007NF7NG2ao8gC39afd3fb4fNgZwhD
7339 DEBUG [2019-11-23 14:43:55]  API-RemoteIP: 192.168.1.10
7378 DEBUG [2019-11-23 14:43:55]  Response:
7378 DEBUG [2019-11-23 14:43:55]  https StatusCode:403
7378 DEBUG [2019-11-23 14:43:55]  Server:nginx/1.6.1
7378 DEBUG [2019-11-23 14:43:55]  Date:Sat, 23 Nov 2019 06:43:59 GMT
7378 DEBUG [2019-11-23 14:43:55]  Content-Type:application/json;charset=UTF-8
7378 DEBUG [2019-11-23 14:43:55]  Transfer-Encoding:chunked
7378 DEBUG [2019-11-23 14:43:55]  Connection:keep-alive
7378 DEBUG [2019-11-23 14:43:55]  Api-Server-IP:10.39.58.33
7378 DEBUG [2019-11-23 14:43:55]  Vary:Accept-Encoding
7378 WARN  [2019-11-23 14:43:55]  Going to buffer response body of large or unknown size. Using getResponseBodyAsStream instead is recommended.
7379 DEBUG [2019-11-23 14:43:55]  {"error":"User requests out of rate limit!","error_code":10023,"request":"/2/statuses/friends_timeline.json"}

7379 DEBUG [2019-11-23 14:43:55]  Request:
7379 DEBUG [2019-11-23 14:43:55]  GET:https://api.weibo.com/2/statuses/friends_timeline.json
7379 DEBUG [2019-11-23 14:43:55]  Authorization: OAuth2 2.007NF7NG2ao8gC39afd3fb4fNgZwhD
7379 DEBUG [2019-11-23 14:43:55]  API-RemoteIP: 192.168.1.10
7417 DEBUG [2019-11-23 14:43:55]  Response:
7417 DEBUG [2019-11-23 14:43:55]  https StatusCode:403
7417 DEBUG [2019-11-23 14:43:55]  Server:nginx/1.6.1
7417 DEBUG [2019-11-23 14:43:55]  Date:Sat, 23 Nov 2019 06:43:59 GMT
7417 DEBUG [2019-11-23 14:43:55]  Content-Type:application/json;charset=UTF-8
7417 DEBUG [2019-11-23 14:43:55]  Transfer-Encoding:chunked
7417 DEBUG [2019-11-23 14:43:55]  Connection:keep-alive
7417 DEBUG [2019-11-23 14:43:55]  Api-Server-IP:10.39.58.32
7417 DEBUG [2019-11-23 14:43:55]  Vary:Accept-Encoding
7417 WARN  [2019-11-23 14:43:55]  Going to buffer response body of large or unknown size. Using getResponseBodyAsStream instead is recommended.
7417 DEBUG [2019-11-23 14:43:55]  {"error":"User requests out of rate limit!","error_code":10023,"request":"/2/statuses/friends_timeline.json"}

7418 DEBUG [2019-11-23 14:43:55]  Request:
7418 DEBUG [2019-11-23 14:43:55]  GET:https://api.weibo.com/2/statuses/friends_timeline.json
7418 DEBUG [2019-11-23 14:43:55]  Authorization: OAuth2 2.007NF7NG2ao8gC39afd3fb4fNgZwhD
7418 DEBUG [2019-11-23 14:43:55]  API-RemoteIP: 192.168.1.10
7457 DEBUG [2019-11-23 14:43:55]  Response:
7457 DEBUG [2019-11-23 14:43:55]  https StatusCode:403
7457 DEBUG [2019-11-23 14:43:55]  Server:nginx/1.6.1
7458 DEBUG [2019-11-23 14:43:55]  Date:Sat, 23 Nov 2019 06:43:59 GMT
7458 DEBUG [2019-11-23 14:43:55]  Content-Type:application/json;charset=UTF-8
7458 DEBUG [2019-11-23 14:43:55]  Transfer-Encoding:chunked
7458 DEBUG [2019-11-23 14:43:55]  Connection:keep-alive
7458 DEBUG [2019-11-23 14:43:55]  Api-Server-IP:10.22.6.16
7458 DEBUG [2019-11-23 14:43:55]  Vary:Accept-Encoding
7458 WARN  [2019-11-23 14:43:55]  Going to buffer response body of large or unknown size. Using getResponseBodyAsStream instead is recommended.
7458 DEBUG [2019-11-23 14:43:55]  {"error":"User requests out of rate limit!","error_code":10023,"request":"/2/statuses/friends_timeline.json"}

7458 DEBUG [2019-11-23 14:43:55]  Request:
7458 DEBUG [2019-11-23 14:43:55]  GET:https://api.weibo.com/2/statuses/friends_timeline.json
7458 DEBUG [2019-11-23 14:43:55]  Authorization: OAuth2 2.007NF7NG2ao8gC39afd3fb4fNgZwhD
7458 DEBUG [2019-11-23 14:43:55]  API-RemoteIP: 192.168.1.10
7496 DEBUG [2019-11-23 14:43:55]  Response:
7496 DEBUG [2019-11-23 14:43:55]  https StatusCode:403
7496 DEBUG [2019-11-23 14:43:55]  Server:nginx/1.6.1
7496 DEBUG [2019-11-23 14:43:55]  Date:Sat, 23 Nov 2019 06:43:59 GMT
7496 DEBUG [2019-11-23 14:43:55]  Content-Type:application/json;charset=UTF-8
7496 DEBUG [2019-11-23 14:43:55]  Transfer-Encoding:chunked
7496 DEBUG [2019-11-23 14:43:55]  Connection:keep-alive
7496 DEBUG [2019-11-23 14:43:55]  Api-Server-IP:10.22.6.26
7496 DEBUG [2019-11-23 14:43:55]  Vary:Accept-Encoding
7496 WARN  [2019-11-23 14:43:55]  Going to buffer response body of large or unknown size. Using getResponseBodyAsStream instead is recommended.
7496 DEBUG [2019-11-23 14:43:55]  {"error":"User requests out of rate limit!","error_code":10023,"request":"/2/statuses/friends_timeline.json"}

7496 DEBUG [2019-11-23 14:43:55]  Request:
7496 DEBUG [2019-11-23 14:43:55]  GET:https://api.weibo.com/2/statuses/friends_timeline.json
7496 DEBUG [2019-11-23 14:43:55]  Authorization: OAuth2 2.007NF7NG2ao8gC39afd3fb4fNgZwhD
7496 DEBUG [2019-11-23 14:43:55]  API-RemoteIP: 192.168.1.10
7540 DEBUG [2019-11-23 14:43:55]  Response:
7541 DEBUG [2019-11-23 14:43:55]  https StatusCode:403
7541 DEBUG [2019-11-23 14:43:55]  Server:nginx/1.6.1
7541 DEBUG [2019-11-23 14:43:55]  Date:Sat, 23 Nov 2019 06:43:59 GMT
7541 DEBUG [2019-11-23 14:43:55]  Content-Type:application/json;charset=UTF-8
7541 DEBUG [2019-11-23 14:43:55]  Transfer-Encoding:chunked
7541 DEBUG [2019-11-23 14:43:55]  Connection:keep-alive
7541 DEBUG [2019-11-23 14:43:55]  Api-Server-IP:10.39.58.33
7541 DEBUG [2019-11-23 14:43:55]  Vary:Accept-Encoding
7541 WARN  [2019-11-23 14:43:55]  Going to buffer response body of large or unknown size. Using getResponseBodyAsStream instead is recommended.
7541 DEBUG [2019-11-23 14:43:55]  {"error":"User requests out of rate limit!","error_code":10023,"request":"/2/statuses/friends_timeline.json"}

7541 DEBUG [2019-11-23 14:43:55]  Request:
7541 DEBUG [2019-11-23 14:43:55]  GET:https://api.weibo.com/2/statuses/friends_timeline.json
7541 DEBUG [2019-11-23 14:43:55]  Authorization: OAuth2 2.007NF7NG2ao8gC39afd3fb4fNgZwhD
7541 DEBUG [2019-11-23 14:43:55]  API-RemoteIP: 192.168.1.10
7580 DEBUG [2019-11-23 14:43:55]  Response:
7580 DEBUG [2019-11-23 14:43:55]  https StatusCode:403
7580 DEBUG [2019-11-23 14:43:55]  Server:nginx/1.6.1
7580 DEBUG [2019-11-23 14:43:55]  Date:Sat, 23 Nov 2019 06:43:59 GMT
7580 DEBUG [2019-11-23 14:43:55]  Content-Type:application/json;charset=UTF-8
7580 DEBUG [2019-11-23 14:43:55]  Transfer-Encoding:chunked
7580 DEBUG [2019-11-23 14:43:55]  Connection:keep-alive
7580 DEBUG [2019-11-23 14:43:55]  Api-Server-IP:10.39.56.136
7580 DEBUG [2019-11-23 14:43:55]  Vary:Accept-Encoding
7580 WARN  [2019-11-23 14:43:55]  Going to buffer response body of large or unknown size. Using getResponseBodyAsStream instead is recommended.
7580 DEBUG [2019-11-23 14:43:55]  {"error":"User requests out of rate limit!","error_code":10023,"request":"/2/statuses/friends_timeline.json"}

7580 DEBUG [2019-11-23 14:43:55]  Request:
7580 DEBUG [2019-11-23 14:43:55]  GET:https://api.weibo.com/2/statuses/friends_timeline.json
7580 DEBUG [2019-11-23 14:43:55]  Authorization: OAuth2 2.007NF7NG2ao8gC39afd3fb4fNgZwhD
7580 DEBUG [2019-11-23 14:43:55]  API-RemoteIP: 192.168.1.10
7619 DEBUG [2019-11-23 14:43:55]  Response:
7619 DEBUG [2019-11-23 14:43:55]  https StatusCode:403
7619 DEBUG [2019-11-23 14:43:55]  Server:nginx/1.6.1
7619 DEBUG [2019-11-23 14:43:55]  Date:Sat, 23 Nov 2019 06:43:59 GMT
7619 DEBUG [2019-11-23 14:43:55]  Content-Type:application/json;charset=UTF-8
7619 DEBUG [2019-11-23 14:43:55]  Transfer-Encoding:chunked
7619 DEBUG [2019-11-23 14:43:55]  Connection:keep-alive
7619 DEBUG [2019-11-23 14:43:55]  Api-Server-IP:10.39.58.36
7619 DEBUG [2019-11-23 14:43:55]  Vary:Accept-Encoding
7619 WARN  [2019-11-23 14:43:55]  Going to buffer response body of large or unknown size. Using getResponseBodyAsStream instead is recommended.
7619 DEBUG [2019-11-23 14:43:55]  {"error":"User requests out of rate limit!","error_code":10023,"request":"/2/statuses/friends_timeline.json"}

7619 DEBUG [2019-11-23 14:43:55]  Request:
7619 DEBUG [2019-11-23 14:43:55]  GET:https://api.weibo.com/2/statuses/friends_timeline.json
7619 DEBUG [2019-11-23 14:43:55]  Authorization: OAuth2 2.007NF7NG2ao8gC39afd3fb4fNgZwhD
7619 DEBUG [2019-11-23 14:43:55]  API-RemoteIP: 192.168.1.10
7662 DEBUG [2019-11-23 14:43:55]  Response:
7662 DEBUG [2019-11-23 14:43:55]  https StatusCode:403
7662 DEBUG [2019-11-23 14:43:55]  Server:nginx/1.6.1
7662 DEBUG [2019-11-23 14:43:55]  Date:Sat, 23 Nov 2019 06:43:59 GMT
7662 DEBUG [2019-11-23 14:43:55]  Content-Type:application/json;charset=UTF-8
7662 DEBUG [2019-11-23 14:43:55]  Transfer-Encoding:chunked
7662 DEBUG [2019-11-23 14:43:55]  Connection:keep-alive
7662 DEBUG [2019-11-23 14:43:55]  Api-Server-IP:10.39.58.35
7662 DEBUG [2019-11-23 14:43:55]  Vary:Accept-Encoding
7662 WARN  [2019-11-23 14:43:55]  Going to buffer response body of large or unknown size. Using getResponseBodyAsStream instead is recommended.
7662 DEBUG [2019-11-23 14:43:55]  {"error":"User requests out of rate limit!","error_code":10023,"request":"/2/statuses/friends_timeline.json"}

7663 DEBUG [2019-11-23 14:43:55]  Request:
7663 DEBUG [2019-11-23 14:43:55]  GET:https://api.weibo.com/2/statuses/friends_timeline.json
7663 DEBUG [2019-11-23 14:43:55]  Authorization: OAuth2 2.007NF7NG2ao8gC39afd3fb4fNgZwhD
7663 DEBUG [2019-11-23 14:43:55]  API-RemoteIP: 192.168.1.10
7707 DEBUG [2019-11-23 14:43:55]  Response:
7707 DEBUG [2019-11-23 14:43:55]  https StatusCode:403
7707 DEBUG [2019-11-23 14:43:55]  Server:nginx/1.6.1
7707 DEBUG [2019-11-23 14:43:55]  Date:Sat, 23 Nov 2019 06:43:59 GMT
7707 DEBUG [2019-11-23 14:43:55]  Content-Type:application/json;charset=UTF-8
7707 DEBUG [2019-11-23 14:43:55]  Transfer-Encoding:chunked
7707 DEBUG [2019-11-23 14:43:55]  Connection:keep-alive
7707 DEBUG [2019-11-23 14:43:55]  Api-Server-IP:10.77.108.57
7707 DEBUG [2019-11-23 14:43:55]  Vary:Accept-Encoding
7707 WARN  [2019-11-23 14:43:55]  Going to buffer response body of large or unknown size. Using getResponseBodyAsStream instead is recommended.
7707 DEBUG [2019-11-23 14:43:55]  {"error":"User requests out of rate limit!","error_code":10023,"request":"/2/statuses/friends_timeline.json"}

7707 DEBUG [2019-11-23 14:43:55]  Request:
7707 DEBUG [2019-11-23 14:43:55]  GET:https://api.weibo.com/2/statuses/friends_timeline.json
7708 DEBUG [2019-11-23 14:43:55]  Authorization: OAuth2 2.007NF7NG2ao8gC39afd3fb4fNgZwhD
7708 DEBUG [2019-11-23 14:43:55]  API-RemoteIP: 192.168.1.10
7747 DEBUG [2019-11-23 14:43:55]  Response:
7747 DEBUG [2019-11-23 14:43:55]  https StatusCode:403
7747 DEBUG [2019-11-23 14:43:55]  Server:nginx/1.6.1
7747 DEBUG [2019-11-23 14:43:55]  Date:Sat, 23 Nov 2019 06:43:59 GMT
7747 DEBUG [2019-11-23 14:43:55]  Content-Type:application/json;charset=UTF-8
7747 DEBUG [2019-11-23 14:43:55]  Transfer-Encoding:chunked
7747 DEBUG [2019-11-23 14:43:55]  Connection:keep-alive
7747 DEBUG [2019-11-23 14:43:55]  Api-Server-IP:10.39.58.33
7747 DEBUG [2019-11-23 14:43:55]  Vary:Accept-Encoding
7747 WARN  [2019-11-23 14:43:55]  Going to buffer response body of large or unknown size. Using getResponseBodyAsStream instead is recommended.
7747 DEBUG [2019-11-23 14:43:55]  {"error":"User requests out of rate limit!","error_code":10023,"request":"/2/statuses/friends_timeline.json"}

7747 DEBUG [2019-11-23 14:43:55]  Request:
7748 DEBUG [2019-11-23 14:43:55]  GET:https://api.weibo.com/2/statuses/friends_timeline.json
7748 DEBUG [2019-11-23 14:43:55]  Authorization: OAuth2 2.007NF7NG2ao8gC39afd3fb4fNgZwhD
7748 DEBUG [2019-11-23 14:43:55]  API-RemoteIP: 192.168.1.10
7789 DEBUG [2019-11-23 14:43:55]  Response:
7789 DEBUG [2019-11-23 14:43:55]  https StatusCode:403
7789 DEBUG [2019-11-23 14:43:55]  Server:nginx/1.6.1
7789 DEBUG [2019-11-23 14:43:55]  Date:Sat, 23 Nov 2019 06:43:59 GMT
7789 DEBUG [2019-11-23 14:43:55]  Content-Type:application/json;charset=UTF-8
7789 DEBUG [2019-11-23 14:43:55]  Transfer-Encoding:chunked
7789 DEBUG [2019-11-23 14:43:55]  Connection:keep-alive
7789 DEBUG [2019-11-23 14:43:55]  Api-Server-IP:10.77.108.57
7789 DEBUG [2019-11-23 14:43:55]  Vary:Accept-Encoding
7789 WARN  [2019-11-23 14:43:55]  Going to buffer response body of large or unknown size. Using getResponseBodyAsStream instead is recommended.
7789 DEBUG [2019-11-23 14:43:55]  {"error":"User requests out of rate limit!","error_code":10023,"request":"/2/statuses/friends_timeline.json"}

7790 DEBUG [2019-11-23 14:43:55]  Request:
7790 DEBUG [2019-11-23 14:43:55]  GET:https://api.weibo.com/2/statuses/friends_timeline.json
7790 DEBUG [2019-11-23 14:43:55]  Authorization: OAuth2 2.007NF7NG2ao8gC39afd3fb4fNgZwhD
7790 DEBUG [2019-11-23 14:43:55]  API-RemoteIP: 192.168.1.10
7832 DEBUG [2019-11-23 14:43:55]  Response:
7832 DEBUG [2019-11-23 14:43:55]  https StatusCode:403
7832 DEBUG [2019-11-23 14:43:55]  Server:nginx/1.6.1
7832 DEBUG [2019-11-23 14:43:55]  Date:Sat, 23 Nov 2019 06:43:59 GMT
7832 DEBUG [2019-11-23 14:43:55]  Content-Type:application/json;charset=UTF-8
7832 DEBUG [2019-11-23 14:43:55]  Transfer-Encoding:chunked
7832 DEBUG [2019-11-23 14:43:55]  Connection:keep-alive
7832 DEBUG [2019-11-23 14:43:55]  Api-Server-IP:10.22.6.22
7832 DEBUG [2019-11-23 14:43:55]  Vary:Accept-Encoding
7832 WARN  [2019-11-23 14:43:55]  Going to buffer response body of large or unknown size. Using getResponseBodyAsStream instead is recommended.
7832 DEBUG [2019-11-23 14:43:55]  {"error":"User requests out of rate limit!","error_code":10023,"request":"/2/statuses/friends_timeline.json"}

7833 DEBUG [2019-11-23 14:43:55]  Request:
7833 DEBUG [2019-11-23 14:43:55]  GET:https://api.weibo.com/2/statuses/friends_timeline.json
7833 DEBUG [2019-11-23 14:43:55]  Authorization: OAuth2 2.007NF7NG2ao8gC39afd3fb4fNgZwhD
7833 DEBUG [2019-11-23 14:43:55]  API-RemoteIP: 192.168.1.10
7872 DEBUG [2019-11-23 14:43:55]  Response:
7872 DEBUG [2019-11-23 14:43:55]  https StatusCode:403
7872 DEBUG [2019-11-23 14:43:55]  Server:nginx/1.6.1
7872 DEBUG [2019-11-23 14:43:55]  Date:Sat, 23 Nov 2019 06:43:59 GMT
7872 DEBUG [2019-11-23 14:43:55]  Content-Type:application/json;charset=UTF-8
7872 DEBUG [2019-11-23 14:43:55]  Transfer-Encoding:chunked
7872 DEBUG [2019-11-23 14:43:55]  Connection:keep-alive
7872 DEBUG [2019-11-23 14:43:55]  Api-Server-IP:10.39.58.34
7872 DEBUG [2019-11-23 14:43:55]  Vary:Accept-Encoding
7872 WARN  [2019-11-23 14:43:55]  Going to buffer response body of large or unknown size. Using getResponseBodyAsStream instead is recommended.
7872 DEBUG [2019-11-23 14:43:55]  {"error":"User requests out of rate limit!","error_code":10023,"request":"/2/statuses/friends_timeline.json"}

7873 DEBUG [2019-11-23 14:43:55]  Request:
7873 DEBUG [2019-11-23 14:43:55]  GET:https://api.weibo.com/2/statuses/friends_timeline.json
7873 DEBUG [2019-11-23 14:43:55]  Authorization: OAuth2 2.007NF7NG2ao8gC39afd3fb4fNgZwhD
7873 DEBUG [2019-11-23 14:43:55]  API-RemoteIP: 192.168.1.10
7913 DEBUG [2019-11-23 14:43:55]  Response:
7913 DEBUG [2019-11-23 14:43:55]  https StatusCode:403
7913 DEBUG [2019-11-23 14:43:55]  Server:nginx/1.6.1
7913 DEBUG [2019-11-23 14:43:55]  Date:Sat, 23 Nov 2019 06:43:59 GMT
7913 DEBUG [2019-11-23 14:43:55]  Content-Type:application/json;charset=UTF-8
7913 DEBUG [2019-11-23 14:43:55]  Transfer-Encoding:chunked
7913 DEBUG [2019-11-23 14:43:55]  Connection:keep-alive
7913 DEBUG [2019-11-23 14:43:55]  Api-Server-IP:10.39.58.37
7914 DEBUG [2019-11-23 14:43:55]  Vary:Accept-Encoding
7914 WARN  [2019-11-23 14:43:55]  Going to buffer response body of large or unknown size. Using getResponseBodyAsStream instead is recommended.
7914 DEBUG [2019-11-23 14:43:55]  {"error":"User requests out of rate limit!","error_code":10023,"request":"/2/statuses/friends_timeline.json"}

7914 DEBUG [2019-11-23 14:43:55]  Request:
7914 DEBUG [2019-11-23 14:43:55]  GET:https://api.weibo.com/2/statuses/friends_timeline.json
7914 DEBUG [2019-11-23 14:43:55]  Authorization: OAuth2 2.007NF7NG2ao8gC39afd3fb4fNgZwhD
7914 DEBUG [2019-11-23 14:43:55]  API-RemoteIP: 192.168.1.10
7955 DEBUG [2019-11-23 14:43:55]  Response:
7955 DEBUG [2019-11-23 14:43:55]  https StatusCode:403
7955 DEBUG [2019-11-23 14:43:55]  Server:nginx/1.6.1
7955 DEBUG [2019-11-23 14:43:55]  Date:Sat, 23 Nov 2019 06:43:59 GMT
7955 DEBUG [2019-11-23 14:43:55]  Content-Type:application/json;charset=UTF-8
7955 DEBUG [2019-11-23 14:43:55]  Transfer-Encoding:chunked
7955 DEBUG [2019-11-23 14:43:55]  Connection:keep-alive
7955 DEBUG [2019-11-23 14:43:55]  Api-Server-IP:10.22.6.22
7955 DEBUG [2019-11-23 14:43:55]  Vary:Accept-Encoding
7955 WARN  [2019-11-23 14:43:55]  Going to buffer response body of large or unknown size. Using getResponseBodyAsStream instead is recommended.
7955 DEBUG [2019-11-23 14:43:55]  {"error":"User requests out of rate limit!","error_code":10023,"request":"/2/statuses/friends_timeline.json"}

7956 DEBUG [2019-11-23 14:43:55]  Request:
7956 DEBUG [2019-11-23 14:43:55]  GET:https://api.weibo.com/2/statuses/friends_timeline.json
7956 DEBUG [2019-11-23 14:43:55]  Authorization: OAuth2 2.007NF7NG2ao8gC39afd3fb4fNgZwhD
7956 DEBUG [2019-11-23 14:43:55]  API-RemoteIP: 192.168.1.10
7995 DEBUG [2019-11-23 14:43:55]  Response:
7995 DEBUG [2019-11-23 14:43:55]  https StatusCode:403
7995 DEBUG [2019-11-23 14:43:55]  Server:nginx/1.6.1
7995 DEBUG [2019-11-23 14:43:55]  Date:Sat, 23 Nov 2019 06:43:59 GMT
7995 DEBUG [2019-11-23 14:43:55]  Content-Type:application/json;charset=UTF-8
7995 DEBUG [2019-11-23 14:43:55]  Transfer-Encoding:chunked
7995 DEBUG [2019-11-23 14:43:55]  Connection:close
7995 DEBUG [2019-11-23 14:43:55]  Api-Server-IP:10.77.108.57
7995 DEBUG [2019-11-23 14:43:55]  Vary:Accept-Encoding
7995 WARN  [2019-11-23 14:43:55]  Going to buffer response body of large or unknown size. Using getResponseBodyAsStream instead is recommended.
7996 DEBUG [2019-11-23 14:43:55]  {"error":"User requests out of rate limit!","error_code":10023,"request":"/2/statuses/friends_timeline.json"}

7996 DEBUG [2019-11-23 14:43:55]  Request:
7996 DEBUG [2019-11-23 14:43:55]  GET:https://api.weibo.com/2/statuses/friends_timeline.json
7996 DEBUG [2019-11-23 14:43:55]  Authorization: OAuth2 2.007NF7NG2ao8gC39afd3fb4fNgZwhD
7996 DEBUG [2019-11-23 14:43:55]  API-RemoteIP: 192.168.1.10
8156 DEBUG [2019-11-23 14:43:55]  Response:
8156 DEBUG [2019-11-23 14:43:55]  https StatusCode:403
8156 DEBUG [2019-11-23 14:43:55]  Server:nginx/1.6.1
8156 DEBUG [2019-11-23 14:43:55]  Date:Sat, 23 Nov 2019 06:43:59 GMT
8156 DEBUG [2019-11-23 14:43:55]  Content-Type:application/json;charset=UTF-8
8156 DEBUG [2019-11-23 14:43:55]  Transfer-Encoding:chunked
8156 DEBUG [2019-11-23 14:43:55]  Connection:keep-alive
8156 DEBUG [2019-11-23 14:43:55]  Api-Server-IP:10.39.56.136
8156 DEBUG [2019-11-23 14:43:55]  Vary:Accept-Encoding
8156 WARN  [2019-11-23 14:43:55]  Going to buffer response body of large or unknown size. Using getResponseBodyAsStream instead is recommended.
8156 DEBUG [2019-11-23 14:43:55]  {"error":"User requests out of rate limit!","error_code":10023,"request":"/2/statuses/friends_timeline.json"}

8156 DEBUG [2019-11-23 14:43:55]  Request:
8156 DEBUG [2019-11-23 14:43:55]  GET:https://api.weibo.com/2/statuses/friends_timeline.json
8156 DEBUG [2019-11-23 14:43:55]  Authorization: OAuth2 2.007NF7NG2ao8gC39afd3fb4fNgZwhD
8156 DEBUG [2019-11-23 14:43:55]  API-RemoteIP: 192.168.1.10
8197 DEBUG [2019-11-23 14:43:55]  Response:
8197 DEBUG [2019-11-23 14:43:55]  https StatusCode:403
8197 DEBUG [2019-11-23 14:43:55]  Server:nginx/1.6.1
8197 DEBUG [2019-11-23 14:43:55]  Date:Sat, 23 Nov 2019 06:43:59 GMT
8197 DEBUG [2019-11-23 14:43:55]  Content-Type:application/json;charset=UTF-8
8197 DEBUG [2019-11-23 14:43:55]  Transfer-Encoding:chunked
8197 DEBUG [2019-11-23 14:43:55]  Connection:keep-alive
8197 DEBUG [2019-11-23 14:43:55]  Api-Server-IP:10.22.6.26
8197 DEBUG [2019-11-23 14:43:55]  Vary:Accept-Encoding
8198 WARN  [2019-11-23 14:43:55]  Going to buffer response body of large or unknown size. Using getResponseBodyAsStream instead is recommended.
8198 DEBUG [2019-11-23 14:43:55]  {"error":"User requests out of rate limit!","error_code":10023,"request":"/2/statuses/friends_timeline.json"}

8198 DEBUG [2019-11-23 14:43:55]  Request:
8198 DEBUG [2019-11-23 14:43:55]  GET:https://api.weibo.com/2/statuses/friends_timeline.json
8198 DEBUG [2019-11-23 14:43:55]  Authorization: OAuth2 2.007NF7NG2ao8gC39afd3fb4fNgZwhD
8198 DEBUG [2019-11-23 14:43:55]  API-RemoteIP: 192.168.1.10
8237 DEBUG [2019-11-23 14:43:56]  Response:
8237 DEBUG [2019-11-23 14:43:56]  https StatusCode:403
8237 DEBUG [2019-11-23 14:43:56]  Server:nginx/1.6.1
8237 DEBUG [2019-11-23 14:43:56]  Date:Sat, 23 Nov 2019 06:43:59 GMT
8237 DEBUG [2019-11-23 14:43:56]  Content-Type:application/json;charset=UTF-8
8237 DEBUG [2019-11-23 14:43:56]  Transfer-Encoding:chunked
8237 DEBUG [2019-11-23 14:43:56]  Connection:keep-alive
8237 DEBUG [2019-11-23 14:43:56]  Api-Server-IP:10.39.58.33
8237 DEBUG [2019-11-23 14:43:56]  Vary:Accept-Encoding
8237 WARN  [2019-11-23 14:43:56]  Going to buffer response body of large or unknown size. Using getResponseBodyAsStream instead is recommended.
8237 DEBUG [2019-11-23 14:43:56]  {"error":"User requests out of rate limit!","error_code":10023,"request":"/2/statuses/friends_timeline.json"}

8238 DEBUG [2019-11-23 14:43:56]  Request:
8238 DEBUG [2019-11-23 14:43:56]  GET:https://api.weibo.com/2/statuses/friends_timeline.json
8238 DEBUG [2019-11-23 14:43:56]  Authorization: OAuth2 2.007NF7NG2ao8gC39afd3fb4fNgZwhD
8238 DEBUG [2019-11-23 14:43:56]  API-RemoteIP: 192.168.1.10
